This file contains any messages produced by compilers while
running configure, to aid debugging if configure makes a mistake.

It was created by pasmo configure 0.5.5, which was
generated by GNU Autoconf 2.69.  Invocation command line was

  $ ./configure 

## --------- ##
## Platform. ##
## --------- ##

hostname = Developers-Mac-mini.local
uname -m = arm64
uname -r = 22.6.0
uname -s = Darwin
uname -v = Darwin Kernel Version 22.6.0: Wed Oct  4 21:26:43 PDT 2023; root:xnu-8796.141.3.701.17~4/RELEASE_ARM64_T8112

/usr/bin/uname -p = arm
/bin/uname -X     = unknown

/bin/arch              = unknown
/usr/bin/arch -k       = unknown
/usr/convex/getsysinfo = unknown
/usr/bin/hostinfo      = Mach kernel version:
	 Darwin Kernel Version 22.6.0: Wed Oct  4 21:26:43 PDT 2023; root:xnu-8796.141.3.701.17~4/RELEASE_ARM64_T8112
Kernel configured for up to 8 processors.
8 processors are physically available.
8 processors are logically available.
Processor type: arm64e (ARM64E)
Processors active: 0 1 2 3 4 5 6 7
Primary memory available: 8.00 gigabytes
Default processor set: 526 tasks, 1921 threads, 8 processors
Load average: 1.61, Mach factor: 6.38
/bin/machine           = unknown
/usr/bin/oslevel       = unknown
/bin/universe          = unknown

PATH: /usr/local/bin
PATH: /System/Cryptexes/App/usr/bin
PATH: /usr/bin
PATH: /bin
PATH: /usr/sbin
PATH: /sbin
PATH: /Library/Apple/usr/bin
PATH: /var/run/com.apple.security.cryptexd/codex.system/bootstrap/usr/local/bin
PATH: /var/run/com.apple.security.cryptexd/codex.system/bootstrap/usr/bin
PATH: /var/run/com.apple.security.cryptexd/codex.system/bootstrap/usr/appleinternal/bin


## ----------- ##
## Core tests. ##
## ----------- ##

configure:1859: checking for a BSD-compatible install
configure:1927: result: /usr/bin/install -c
configure:1938: checking whether build environment is sane
configure:1993: result: yes
configure:2144: checking for a thread-safe mkdir -p
configure:2183: result: ./install-sh -c -d
configure:2190: checking for gawk
configure:2220: result: no
configure:2190: checking for mawk
configure:2220: result: no
configure:2190: checking for nawk
configure:2220: result: no
configure:2190: checking for awk
configure:2206: found /usr/bin/awk
configure:2217: result: awk
configure:2228: checking whether make sets $(MAKE)
configure:2250: result: yes
configure:2279: checking whether make supports nested variables
configure:2296: result: yes
configure:2427: checking build system type
configure:2441: result: arm-apple-darwin22.6.0
configure:2461: checking host system type
configure:2474: result: arm-apple-darwin22.6.0
configure:2511: result: Configured for release version
configure:2578: checking for g++
configure:2594: found /usr/bin/g++
configure:2605: result: g++
configure:2632: checking for C++ compiler version
configure:2641: g++ --version >&5
Apple clang version 15.0.0 (clang-1500.0.40.1)
Target: arm64-apple-darwin22.6.0
Thread model: posix
InstalledDir: /Applications/Xcode.app/Contents/Developer/Toolchains/XcodeDefault.xctoolchain/usr/bin
configure:2652: $? = 0
configure:2641: g++ -v >&5
Apple clang version 15.0.0 (clang-1500.0.40.1)
Target: arm64-apple-darwin22.6.0
Thread model: posix
InstalledDir: /Applications/Xcode.app/Contents/Developer/Toolchains/XcodeDefault.xctoolchain/usr/bin
configure:2652: $? = 0
configure:2641: g++ -V >&5
clang: error: argument to '-V' is missing (expected 1 value)
clang: error: no input files
configure:2652: $? = 1
configure:2641: g++ -qversion >&5
clang: error: unknown argument '-qversion'; did you mean '--version'?
clang: error: no input files
configure:2652: $? = 1
configure:2672: checking whether the C++ compiler works
configure:2694: g++ %CXXFLAGS -Wc++11-extensions   conftest.cpp  >&5
clang: error: no such file or directory: '%CXXFLAGS'
configure:2698: $? = 1
configure:2736: result: no
configure: failed program was:
| /* confdefs.h */
| #define PACKAGE_NAME "pasmo"
| #define PACKAGE_TARNAME "pasmo"
| #define PACKAGE_VERSION "0.5.5"
| #define PACKAGE_STRING "pasmo 0.5.5"
| #define PACKAGE_BUGREPORT "julian.notfound@gmail.com"
| #define PACKAGE_URL ""
| #define PACKAGE "pasmo"
| #define VERSION "0.5.5"
| #define NDEBUG /**/
| /* end confdefs.h.  */
| 
| int
| main ()
| {
| 
|   ;
|   return 0;
| }
configure:2741: error: in `/Users/VWarlock/Work/pasmo-0.5.5_src':
configure:2743: error: C++ compiler cannot create executables
See `config.log' for more details

## ---------------- ##
## Cache variables. ##
## ---------------- ##

ac_cv_build=arm-apple-darwin22.6.0
ac_cv_env_CCC_set=
ac_cv_env_CCC_value=
ac_cv_env_CPPFLAGS_set=
ac_cv_env_CPPFLAGS_value=
ac_cv_env_CXXFLAGS_set=set
ac_cv_env_CXXFLAGS_value='%CXXFLAGS -Wc++11-extensions'
ac_cv_env_CXX_set=
ac_cv_env_CXX_value=
ac_cv_env_LDFLAGS_set=
ac_cv_env_LDFLAGS_value=
ac_cv_env_LIBS_set=
ac_cv_env_LIBS_value=
ac_cv_env_build_alias_set=
ac_cv_env_build_alias_value=
ac_cv_env_host_alias_set=
ac_cv_env_host_alias_value=
ac_cv_env_target_alias_set=
ac_cv_env_target_alias_value=
ac_cv_host=arm-apple-darwin22.6.0
ac_cv_path_install='/usr/bin/install -c'
ac_cv_prog_AWK=awk
ac_cv_prog_ac_ct_CXX=g++
ac_cv_prog_make_make_set=yes
am_cv_make_support_nested_variables=yes

## ----------------- ##
## Output variables. ##
## ----------------- ##

ACLOCAL='${SHELL} /Users/VWarlock/Work/pasmo-0.5.5_src/missing aclocal-1.16'
AMDEPBACKSLASH=''
AMDEP_FALSE=''
AMDEP_TRUE=''
AMTAR='$${TAR-tar}'
AM_BACKSLASH='\'
AM_DEFAULT_V='$(AM_DEFAULT_VERBOSITY)'
AM_DEFAULT_VERBOSITY='1'
AM_V='$(V)'
AUTOCONF='${SHELL} /Users/VWarlock/Work/pasmo-0.5.5_src/missing autoconf'
AUTOHEADER='${SHELL} /Users/VWarlock/Work/pasmo-0.5.5_src/missing autoheader'
AUTOMAKE='${SHELL} /Users/VWarlock/Work/pasmo-0.5.5_src/missing automake-1.16'
AWK='awk'
CPPFLAGS=''
CXX='g++'
CXXDEPMODE=''
CXXFLAGS='%CXXFLAGS -Wc++11-extensions'
CYGPATH_W='echo'
DEFS=''
DEPDIR=''
ECHO_C='\c'
ECHO_N=''
ECHO_T=''
EXEEXT=''
INSTALL_DATA='${INSTALL} -m 644'
INSTALL_PROGRAM='${INSTALL}'
INSTALL_SCRIPT='${INSTALL}'
INSTALL_STRIP_PROGRAM='$(install_sh) -c -s'
LDFLAGS=''
LIBOBJS=''
LIBS=''
LTLIBOBJS=''
MAKEINFO='${SHELL} /Users/VWarlock/Work/pasmo-0.5.5_src/missing makeinfo'
MKDIR_P='./install-sh -c -d'
OBJEXT=''
PACKAGE='pasmo'
PACKAGE_BUGREPORT='julian.notfound@gmail.com'
PACKAGE_NAME='pasmo'
PACKAGE_STRING='pasmo 0.5.5'
PACKAGE_TARNAME='pasmo'
PACKAGE_URL=''
PACKAGE_VERSION='0.5.5'
PATH_SEPARATOR=':'
SET_MAKE=''
SHELL='/bin/sh'
STRIP=''
VERSION='0.5.5'
ac_ct_CXX='g++'
am__EXEEXT_FALSE=''
am__EXEEXT_TRUE=''
am__fastdepCXX_FALSE=''
am__fastdepCXX_TRUE=''
am__include=''
am__isrc=''
am__leading_dot='.'
am__nodep=''
am__quote=''
am__tar='$${TAR-tar} chof - "$$tardir"'
am__untar='$${TAR-tar} xf -'
bindir='${exec_prefix}/bin'
build='arm-apple-darwin22.6.0'
build_alias=''
build_cpu='arm'
build_os='darwin22.6.0'
build_vendor='apple'
datadir='${datarootdir}'
datarootdir='${prefix}/share'
docdir='${datarootdir}/doc/${PACKAGE_TARNAME}'
dvidir='${docdir}'
exec_prefix='NONE'
host='arm-apple-darwin22.6.0'
host_alias=''
host_cpu='arm'
host_os='darwin22.6.0'
host_vendor='apple'
htmldir='${docdir}'
includedir='${prefix}/include'
infodir='${datarootdir}/info'
install_sh='${SHELL} /Users/VWarlock/Work/pasmo-0.5.5_src/install-sh'
libdir='${exec_prefix}/lib'
libexecdir='${exec_prefix}/libexec'
localedir='${datarootdir}/locale'
localstatedir='${prefix}/var'
mandir='${datarootdir}/man'
mkdir_p='$(MKDIR_P)'
oldincludedir='/usr/include'
pdfdir='${docdir}'
prefix='NONE'
program_transform_name='s,x,x,'
psdir='${docdir}'
runstatedir='${localstatedir}/run'
sbindir='${exec_prefix}/sbin'
sharedstatedir='${prefix}/com'
sysconfdir='${prefix}/etc'
target_alias=''

## ----------- ##
## confdefs.h. ##
## ----------- ##

/* confdefs.h */
#define PACKAGE_NAME "pasmo"
#define PACKAGE_TARNAME "pasmo"
#define PACKAGE_VERSION "0.5.5"
#define PACKAGE_STRING "pasmo 0.5.5"
#define PACKAGE_BUGREPORT "julian.notfound@gmail.com"
#define PACKAGE_URL ""
#define PACKAGE "pasmo"
#define VERSION "0.5.5"
#define NDEBUG /**/

configure: exit 77
